09:41:45.519 [main] DEBUG io.netty.channel.nio.NioEventLoop - -Dio.netty.noKeySetOptimization: false
09:41:45.546 [main] DEBUG io.netty.channel.nio.NioEventLoop - -Dio.netty.selectorAutoRebuildThreshold: 512
09:41:45.556 [main] TRACE io.netty.channel.nio.NioEventLoop - instrumented a special java.util.Set into: sun.nio.ch.WEPollSelectorImpl@639aba11
09:41:45.557 [main] TRACE io.netty.channel.nio.NioEventLoop - instrumented a special java.util.Set into: sun.nio.ch.WEPollSelectorImpl@66c38e51
09:41:45.558 [main] TRACE io.netty.channel.nio.NioEventLoop - instrumented a special java.util.Set into: sun.nio.ch.WEPollSelectorImpl@10641c09
09:41:45.560 [main] TRACE io.netty.channel.nio.NioEventLoop - instrumented a special java.util.Set into: sun.nio.ch.WEPollSelectorImpl@34f392be
09:41:45.561 [main] TRACE io.netty.channel.nio.NioEventLoop - instrumented a special java.util.Set into: sun.nio.ch.WEPollSelectorImpl@4554de02
09:41:45.562 [main] TRACE io.netty.channel.nio.NioEventLoop - instrumented a special java.util.Set into: sun.nio.ch.WEPollSelectorImpl@3f9f71ff
09:41:45.563 [main] TRACE io.netty.channel.nio.NioEventLoop - instrumented a special java.util.Set into: sun.nio.ch.WEPollSelectorImpl@fabb651
09:41:45.564 [main] TRACE io.netty.channel.nio.NioEventLoop - instrumented a special java.util.Set into: sun.nio.ch.WEPollSelectorImpl@27e5b378
09:41:45.565 [main] TRACE io.netty.channel.nio.NioEventLoop - instrumented a special java.util.Set into: sun.nio.ch.WEPollSelectorImpl@4422dd48
09:41:45.566 [main] TRACE io.netty.channel.nio.NioEventLoop - instrumented a special java.util.Set into: sun.nio.ch.WEPollSelectorImpl@764cba
09:41:45.567 [main] TRACE io.netty.channel.nio.NioEventLoop - instrumented a special java.util.Set into: sun.nio.ch.WEPollSelectorImpl@523d6bdb
09:41:45.568 [main] TRACE io.netty.channel.nio.NioEventLoop - instrumented a special java.util.Set into: sun.nio.ch.WEPollSelectorImpl@58496c97
09:41:45.569 [main] TRACE io.netty.channel.nio.NioEventLoop - instrumented a special java.util.Set into: sun.nio.ch.WEPollSelectorImpl@ad3324b
09:41:45.570 [main] TRACE io.netty.channel.nio.NioEventLoop - instrumented a special java.util.Set into: sun.nio.ch.WEPollSelectorImpl@3872bc37
09:41:45.571 [main] TRACE io.netty.channel.nio.NioEventLoop - instrumented a special java.util.Set into: sun.nio.ch.WEPollSelectorImpl@1a87b51
09:41:45.572 [main] TRACE io.netty.channel.nio.NioEventLoop - instrumented a special java.util.Set into: sun.nio.ch.WEPollSelectorImpl@12968227
09:41:45.587 [main] DEBUG io.netty.buffer.PooledByteBufAllocator - -Dio.netty.allocator.numHeapArenas: 16
09:41:45.587 [main] DEBUG io.netty.buffer.PooledByteBufAllocator - -Dio.netty.allocator.numDirectArenas: 16
09:41:45.587 [main] DEBUG io.netty.buffer.PooledByteBufAllocator - -Dio.netty.allocator.pageSize: 8192
09:41:45.587 [main] DEBUG io.netty.buffer.PooledByteBufAllocator - -Dio.netty.allocator.maxOrder: 9
09:41:45.587 [main] DEBUG io.netty.buffer.PooledByteBufAllocator - -Dio.netty.allocator.chunkSize: 4194304
09:41:45.587 [main] DEBUG io.netty.buffer.PooledByteBufAllocator - -Dio.netty.allocator.smallCacheSize: 256
09:41:45.587 [main] DEBUG io.netty.buffer.PooledByteBufAllocator - -Dio.netty.allocator.normalCacheSize: 64
09:41:45.587 [main] DEBUG io.netty.buffer.PooledByteBufAllocator - -Dio.netty.allocator.maxCachedBufferCapacity: 32768
09:41:45.588 [main] DEBUG io.netty.buffer.PooledByteBufAllocator - -Dio.netty.allocator.cacheTrimInterval: 8192
09:41:45.588 [main] DEBUG io.netty.buffer.PooledByteBufAllocator - -Dio.netty.allocator.cacheTrimIntervalMillis: 0
09:41:45.588 [main] DEBUG io.netty.buffer.PooledByteBufAllocator - -Dio.netty.allocator.useCacheForAllThreads: false
09:41:45.588 [main] DEBUG io.netty.buffer.PooledByteBufAllocator - -Dio.netty.allocator.maxCachedByteBuffersPerChunk: 1023
09:41:45.598 [main] DEBUG io.netty.buffer.ByteBufUtil - -Dio.netty.allocator.type: pooled
09:41:45.598 [main] DEBUG io.netty.buffer.ByteBufUtil - -Dio.netty.threadLocalDirectBufferSize: 0
09:41:45.598 [main] DEBUG io.netty.buffer.ByteBufUtil - -Dio.netty.maxThreadLocalCharBufferSize: 16384
09:41:45.818 [Forwarding newSession on session null to remote] DEBUG io.netty.channel.DefaultChannelId - -Dio.netty.processId: 15340 (auto-detected)
09:41:45.820 [Forwarding newSession on session null to remote] DEBUG io.netty.util.NetUtil - -Djava.net.preferIPv4Stack: false
09:41:45.820 [Forwarding newSession on session null to remote] DEBUG io.netty.util.NetUtil - -Djava.net.preferIPv6Addresses: false
09:41:45.827 [Forwarding newSession on session null to remote] DEBUG io.netty.util.NetUtilInitializations - Loopback interface: lo (Software Loopback Interface 1, 127.0.0.1)
09:41:45.828 [Forwarding newSession on session null to remote] DEBUG io.netty.util.NetUtil - Failed to get SOMAXCONN from sysctl and file \proc\sys\net\core\somaxconn. Default: 200
09:41:45.841 [Forwarding newSession on session null to remote] DEBUG io.netty.channel.DefaultChannelId - -Dio.netty.machineId: c8:58:c0:ff:fe:81:d9:e0 (auto-detected)
09:41:45.882 [AsyncHttpClient-1-2] DEBUG io.netty.buffer.AbstractByteBuf - -Dio.netty.buffer.checkAccessible: true
09:41:45.882 [AsyncHttpClient-1-2] DEBUG io.netty.buffer.AbstractByteBuf - -Dio.netty.buffer.checkBounds: true
09:41:45.882 [AsyncHttpClient-1-2] DEBUG io.netty.util.ResourceLeakDetectorFactory - Loaded default ResourceLeakDetector: io.netty.util.ResourceLeakDetector@42ef1f18
09:41:45.901 [AsyncHttpClient-1-2] DEBUG io.netty.util.Recycler - -Dio.netty.recycler.maxCapacityPerThread: 4096
09:41:45.901 [AsyncHttpClient-1-2] DEBUG io.netty.util.Recycler - -Dio.netty.recycler.ratio: 8
09:41:45.901 [AsyncHttpClient-1-2] DEBUG io.netty.util.Recycler - -Dio.netty.recycler.chunkSize: 32
09:41:45.901 [AsyncHttpClient-1-2] DEBUG io.netty.util.Recycler - -Dio.netty.recycler.blocking: false
09:41:45.901 [AsyncHttpClient-1-2] DEBUG io.netty.util.Recycler - -Dio.netty.recycler.batchFastThreadLocalOnly: true
09:41:46.523 [AsyncHttpClient-1-2] DEBUG io.netty.handler.codec.compression.Brotli - brotli4j not in the classpath; Brotli support will be unavailable.
09:41:46.628 [main] DEBUG io.netty.util.internal.ThreadLocalRandom - -Dio.netty.initialSeedUniquifier: 0x470690e1312271ed
09:41:46.669 [main] INFO  com.framework.testCases.RunnerClass - Browser opened
09:41:47.372 [main] INFO  com.framework.testCases.RunnerClass - Opened the application
09:41:47.381 [main] INFO  com.framework.testCases.RunnerClass - Starting the TestCase
09:41:47.495 [main] INFO  com.framework.testCases.RunnerClass - Entered AgentID
09:41:47.581 [main] INFO  com.framework.testCases.RunnerClass - Entered Password
09:41:52.647 [main] INFO  com.framework.testCases.RunnerClass - Clicked on Login button
09:42:07.745 [main] INFO  com.framework.testCases.RunnerClass - Clicked on Yes button
09:42:07.886 [main] INFO  com.framework.testCases.RunnerClass - Clicked on Resume button
09:42:11.931 [main] INFO  com.framework.testCases.RunnerClass - Clicked on Preview mode
09:42:14.009 [main] INFO  com.framework.testCases.RunnerClass - Clicked on CZ_Icon
09:42:17.309 [main] INFO  com.framework.testCases.RunnerClass - Clicked on CallPanel
09:42:17.377 [main] INFO  com.framework.testCases.RunnerClass - Clicked on Dail button
09:42:20.565 [main] INFO  com.framework.testCases.RunnerClass - Entered mobile no in SearchKeypad
09:42:43.668 [main] INFO  com.framework.testCases.RunnerClass - Clicked on DailKeypad button
09:42:43.766 [main] INFO  com.framework.testCases.RunnerClass - Clicked on AddCustomer
09:42:43.828 [main] INFO  com.framework.testCases.RunnerClass - Clicked on SelectList DropDown
09:42:43.886 [main] INFO  com.framework.testCases.RunnerClass - Selected value from the dropdown
09:42:49.217 [main] INFO  com.framework.testCases.RunnerClass - Clicked on Add customer button in Dropdown
09:42:54.404 [main] INFO  com.framework.testCases.RunnerClass - Entered comment
09:42:57.514 [main] INFO  com.framework.testCases.RunnerClass - Clicked on End Call button
09:43:00.606 [main] INFO  com.framework.testCases.RunnerClass - Clicked on Setting icon
09:43:05.710 [main] INFO  com.framework.testCases.RunnerClass - Clicked on Logout button
09:43:11.144 [main] INFO  com.framework.testCases.RunnerClass - Successfully completed the TestCase
09:43:11.320 [AsyncHttpClient-1-4] TRACE io.netty.handler.codec.http.websocketx.WebSocket08FrameEncoder - Encoding WebSocket Frame opCode=8 length=26
